[2016-10-01 10:30:32.927] [WARN] normal - GET/wzzbmp/wzzApprove
[2016-10-01 10:30:32.946] [WARN] normal - GET/lib/bootstrap/dist/css/bootstrap.min.css
[2016-10-01 10:30:32.947] [WARN] normal - GET/lib/bootstrap/dist/css/bootstrap-theme.min.css
[2016-10-01 10:30:32.948] [WARN] normal - GET/lib/jquery-1.9.1.min.js
[2016-10-01 10:30:32.964] [WARN] normal - GET/lib/React/react.min.js
[2016-10-01 10:30:32.965] [WARN] normal - GET/lib/React/JSXTransformer.js
[2016-10-01 10:30:33.143] [INFO] normal - GET/reactComponent/tableComponent.js
[2016-10-01 10:30:39.739] [WARN] normal - GET/wzzbmp/wzzApprove
[2016-10-01 10:30:39.763] [WARN] normal - GET/lib/bootstrap/dist/css/bootstrap.min.css
[2016-10-01 10:30:39.764] [WARN] normal - GET/lib/bootstrap/dist/css/bootstrap-theme.min.css
[2016-10-01 10:30:39.767] [WARN] normal - GET/lib/jquery-1.9.1.min.js
[2016-10-01 10:30:39.779] [WARN] normal - GET/lib/React/react.min.js
[2016-10-01 10:30:39.780] [WARN] normal - GET/lib/React/JSXTransformer.js
[2016-10-01 10:30:39.975] [WARN] normal - GET/reactComponent/tableComponent.js
[2016-10-01 10:32:40.821] [WARN] normal - GET/wzzbmp/wzzApprove
[2016-10-01 10:32:40.845] [WARN] normal - GET/lib/bootstrap/dist/css/bootstrap.min.css
[2016-10-01 10:32:40.849] [WARN] normal - GET/lib/bootstrap/dist/css/bootstrap-theme.min.css
[2016-10-01 10:32:40.850] [WARN] normal - GET/lib/jquery-1.9.1.min.js
[2016-10-01 10:32:40.864] [WARN] normal - GET/lib/React/react.min.js
[2016-10-01 10:32:40.864] [WARN] normal - GET/lib/React/JSXTransformer.js
[2016-10-01 10:32:41.079] [INFO] normal - GET/reactComponent/tableComponent.js
[2016-10-01 10:33:13.731] [WARN] normal - GET/wzzbmp/wzzApprove
[2016-10-01 10:33:13.753] [WARN] normal - GET/lib/bootstrap/dist/css/bootstrap.min.css
[2016-10-01 10:33:13.756] [WARN] normal - GET/lib/bootstrap/dist/css/bootstrap-theme.min.css
[2016-10-01 10:33:13.757] [WARN] normal - GET/lib/jquery-1.9.1.min.js
[2016-10-01 10:33:13.770] [WARN] normal - GET/lib/React/react.min.js
[2016-10-01 10:33:13.771] [WARN] normal - GET/lib/React/JSXTransformer.js
[2016-10-01 10:33:13.962] [INFO] normal - GET/reactComponent/tableComponent.js
[2016-10-01 10:34:04.370] [WARN] normal - GET/wzzbmp/wzzApprove
[2016-10-01 10:34:04.393] [WARN] normal - GET/lib/bootstrap/dist/css/bootstrap.min.css
[2016-10-01 10:34:04.395] [WARN] normal - GET/lib/bootstrap/dist/css/bootstrap-theme.min.css
[2016-10-01 10:34:04.397] [WARN] normal - GET/lib/jquery-1.9.1.min.js
[2016-10-01 10:34:04.407] [WARN] normal - GET/lib/React/react.min.js
[2016-10-01 10:34:04.408] [WARN] normal - GET/lib/React/JSXTransformer.js
[2016-10-01 10:34:04.592] [INFO] normal - GET/reactComponent/tableComponent.js
[2016-10-01 10:34:14.465] [WARN] normal - GET/wzzbmp/wzzApprove
[2016-10-01 10:34:14.489] [WARN] normal - GET/lib/bootstrap/dist/css/bootstrap.min.css
[2016-10-01 10:34:14.490] [WARN] normal - GET/lib/bootstrap/dist/css/bootstrap-theme.min.css
[2016-10-01 10:34:14.494] [WARN] normal - GET/lib/jquery-1.9.1.min.js
[2016-10-01 10:34:14.505] [WARN] normal - GET/lib/React/react.min.js
[2016-10-01 10:34:14.506] [WARN] normal - GET/lib/React/JSXTransformer.js
[2016-10-01 10:34:14.679] [WARN] normal - GET/reactComponent/tableComponent.js
[2016-10-01 10:34:47.736] [WARN] normal - GET/wzzbmp/wzzApprove
[2016-10-01 10:34:47.765] [WARN] normal - GET/lib/bootstrap/dist/css/bootstrap.min.css
[2016-10-01 10:34:47.766] [WARN] normal - GET/lib/bootstrap/dist/css/bootstrap-theme.min.css
[2016-10-01 10:34:47.767] [WARN] normal - GET/lib/jquery-1.9.1.min.js
[2016-10-01 10:34:47.770] [WARN] normal - GET/lib/React/react.min.js
[2016-10-01 10:34:47.771] [WARN] normal - GET/lib/React/JSXTransformer.js
[2016-10-01 10:34:47.951] [INFO] normal - GET/reactComponent/tableComponent.js
[2016-10-01 10:34:48.142] [INFO] normal - POST/wzzbmp/getWebSiteInfo/wzzApprove
[2016-10-01 10:36:45.941] [INFO] normal - GET/wzzbmp/wzzApprove
[2016-10-01 10:36:45.976] [WARN] normal - GET/lib/bootstrap/dist/css/bootstrap.min.css
[2016-10-01 10:36:45.979] [WARN] normal - GET/lib/bootstrap/dist/css/bootstrap-theme.min.css
[2016-10-01 10:36:45.980] [WARN] normal - GET/lib/jquery-1.9.1.min.js
[2016-10-01 10:36:45.987] [WARN] normal - GET/lib/React/react.min.js
[2016-10-01 10:36:45.989] [WARN] normal - GET/lib/React/JSXTransformer.js
[2016-10-01 10:36:46.244] [WARN] normal - GET/reactComponent/tableComponent.js
[2016-10-01 10:36:46.629] [INFO] normal - POST/wzzbmp/getWebSiteInfo/wzzApprove
[2016-11-09 13:14:48.618] [INFO] normal - GET/
[2016-11-09 13:14:48.632] [INFO] normal - GET/lib/bootstrap/dist/css/bootstrap.min.css
[2016-11-09 13:14:48.831] [ERROR] normal - GET/favicon.ico
[2016-11-09 13:16:15.705] [INFO] normal - GET/
[2016-11-09 13:16:15.718] [WARN] normal - GET/lib/bootstrap/dist/css/bootstrap.min.css
[2016-11-09 13:16:21.146] [ERROR] normal - POST/statFlow
[2016-11-09 13:16:47.975] [INFO] normal - GET/
[2016-11-09 13:16:47.988] [WARN] normal - GET/lib/bootstrap/dist/css/bootstrap.min.css
[2016-11-09 13:16:59.536] [WARN] normal - GET/
[2016-11-09 13:16:59.549] [WARN] normal - GET/lib/bootstrap/dist/css/bootstrap.min.css
[2016-11-09 13:17:50.500] [WARN] normal - GET/
[2016-11-09 13:17:50.534] [WARN] normal - GET/lib/bootstrap/dist/css/bootstrap.min.css
[2016-11-09 13:20:35.828] [INFO] normal - GET/
[2016-11-09 13:20:35.852] [WARN] normal - GET/lib/bootstrap/dist/css/bootstrap.min.css
[2016-11-09 13:20:48.166] [WARN] normal - GET/lib/bootstrap/dist/css/bootstrap.min.css
[2016-11-09 13:21:10.303] [INFO] normal - GET/
[2016-11-09 13:21:10.347] [WARN] normal - GET/lib/bootstrap/dist/css/bootstrap.min.css
[2016-11-09 13:22:49.203] [INFO] normal - GET/
[2016-11-09 13:22:49.215] [WARN] normal - GET/lib/bootstrap/dist/css/bootstrap.min.css
[2016-11-09 13:23:50.167] [INFO] normal - GET/
[2016-11-09 13:23:50.179] [WARN] normal - GET/lib/bootstrap/dist/css/bootstrap.min.css
[2016-11-09 13:24:12.012] [INFO] normal - GET/
[2016-11-09 13:24:12.023] [WARN] normal - GET/lib/bootstrap/dist/css/bootstrap.min.css
[2016-11-09 13:25:59.099] [WARN] normal - GET/
[2016-11-09 13:25:59.113] [WARN] normal - GET/lib/bootstrap/dist/css/bootstrap.min.css
[2016-11-09 21:41:05.944] [WARN] normal - GET/
[2016-11-09 21:41:05.963] [WARN] normal - GET/lib/bootstrap/dist/css/bootstrap.min.css
[2016-11-09 21:41:45.389] [WARN] normal - GET/
[2016-11-09 21:41:45.403] [WARN] normal - GET/lib/bootstrap/dist/css/bootstrap.min.css
[2016-11-09 21:49:20.491] [INFO] normal - GET/
[2016-11-09 21:49:20.512] [INFO] normal - GET/lib/bootstrap/dist/css/bootstrap.min.css
[2016-11-09 21:49:20.831] [ERROR] normal - GET/favicon.ico
[2016-11-09 21:51:46.774] [INFO] normal - GET/
[2016-11-09 21:51:46.785] [WARN] normal - GET/lib/bootstrap/dist/css/bootstrap.min.css
[2016-11-09 21:52:28.034] [INFO] normal - GET/
[2016-11-09 21:52:28.051] [WARN] normal - GET/lib/bootstrap/dist/css/bootstrap.min.css
[2016-11-09 22:58:56.100] [INFO] normal - GET/
[2016-11-09 22:58:56.112] [WARN] normal - GET/lib/bootstrap/dist/css/bootstrap.min.css
[2016-11-09 22:58:56.317] [ERROR] normal - GET/favicon.ico
[2016-11-09 22:59:26.306] [INFO] normal - GET/
[2016-11-09 22:59:26.339] [WARN] normal - GET/lib/bootstrap/dist/css/bootstrap.min.css
[2016-11-09 22:59:39.132] [WARN] normal - GET/lib/bootstrap/dist/css/bootstrap.min.css
[2016-11-09 23:00:01.335] [INFO] normal - GET/
[2016-11-09 23:00:01.363] [WARN] normal - GET/lib/bootstrap/dist/css/bootstrap.min.css
[2016-11-09 23:01:55.450] [INFO] normal - GET/
[2016-11-09 23:01:55.481] [WARN] normal - GET/lib/bootstrap/dist/css/bootstrap.min.css
[2016-11-09 23:01:55.674] [ERROR] normal - GET/favicon.ico
[2016-11-09 23:11:52.230] [INFO] normal - GET/
[2016-11-09 23:11:52.244] [WARN] normal - GET/lib/bootstrap/dist/css/bootstrap.min.css
[2016-11-09 23:14:28.220] [INFO] normal - GET/
[2016-11-09 23:14:28.240] [WARN] normal - GET/lib/bootstrap/dist/css/bootstrap.min.css
[2016-11-09 23:14:48.039] [INFO] normal - GET/
[2016-11-09 23:14:48.056] [WARN] normal - GET/lib/bootstrap/dist/css/bootstrap.min.css
[2016-11-09 23:15:30.803] [WARN] normal - GET/
[2016-11-09 23:15:30.815] [WARN] normal - GET/lib/bootstrap/dist/css/bootstrap.min.css
[2016-11-09 23:20:14.691] [INFO] normal - GET/
[2016-11-09 23:20:14.710] [WARN] normal - GET/lib/bootstrap/dist/css/bootstrap.min.css
[2016-11-09 23:20:37.540] [INFO] normal - GET/
[2016-11-09 23:20:37.551] [WARN] normal - GET/lib/bootstrap/dist/css/bootstrap.min.css
[2016-11-09 23:23:36.890] [INFO] normal - GET/
[2016-11-09 23:23:36.906] [WARN] normal - GET/lib/bootstrap/dist/css/bootstrap.min.css
[2016-11-09 23:30:38.675] [WARN] normal - GET/
[2016-11-09 23:30:38.694] [WARN] normal - GET/lib/bootstrap/dist/css/bootstrap.min.css
[2016-11-10 01:15:51.879] [WARN] normal - GET/
[2016-11-10 01:15:51.890] [WARN] normal - GET/lib/bootstrap/dist/css/bootstrap.min.css
[2016-11-10 01:16:21.215] [WARN] normal - GET/
[2016-11-10 01:16:21.231] [WARN] normal - GET/lib/bootstrap/dist/css/bootstrap.min.css
[2016-11-10 01:18:51.660] [WARN] normal - GET/
[2016-11-10 01:18:51.673] [WARN] normal - GET/lib/bootstrap/dist/css/bootstrap.min.css
[2016-11-10 01:21:41.537] [WARN] normal - GET/
[2016-11-10 01:21:41.553] [WARN] normal - GET/lib/bootstrap/dist/css/bootstrap.min.css
[2016-11-10 01:41:34.665] [WARN] normal - GET/
[2016-11-10 01:41:34.677] [WARN] normal - GET/lib/bootstrap/dist/css/bootstrap.min.css
[2016-11-10 01:42:07.963] [INFO] normal - GET/
[2016-11-10 01:42:07.972] [WARN] normal - GET/lib/bootstrap/dist/css/bootstrap.min.css
[2016-11-10 01:56:51.774] [WARN] normal - GET/
[2016-11-10 01:56:51.797] [WARN] normal - GET/lib/bootstrap/dist/css/bootstrap.min.css
[2016-11-10 02:31:43.468] [WARN] normal - GET/
[2016-11-10 02:31:43.480] [WARN] normal - GET/lib/bootstrap/dist/css/bootstrap.min.css
[2016-11-10 02:48:52.431] [WARN] normal - GET/lib/bootstrap/dist/css/bootstrap.min.css
[2016-11-10 02:49:43.970] [WARN] normal - GET/
[2016-11-10 02:49:43.988] [WARN] normal - GET/lib/bootstrap/dist/css/bootstrap.min.css
[2016-11-10 02:56:16.048] [WARN] normal - GET/
[2016-11-10 02:56:16.068] [WARN] normal - GET/lib/bootstrap/dist/css/bootstrap.min.css
[2016-11-10 03:54:26.506] [INFO] normal - GET/
[2016-11-10 03:54:26.517] [WARN] normal - GET/lib/bootstrap/dist/css/bootstrap.min.css
