[2016-09-07 22:18:55.727] [INFO] normal - ::1 - - "GET /lib/bootstrap/dist/css/bootstrap.min.css HTTP/1.1" 304 - "http://localhost:3000/" "Mozilla/5.0 (Macintosh; Intel Mac OS X 10_11_5) AppleWebKit/537.36 (KHTML, like Gecko) Chrome/52.0.2743.116 Safari/537.36"
[2016-12-06 13:52:35.875] [INFO] normal - GET/
[2016-12-06 13:52:35.908] [INFO] normal - GET/V2/css/style.css
[2016-12-06 13:52:35.910] [INFO] normal - GET/V2/css/zc.css
[2016-12-06 13:52:35.921] [INFO] normal - GET/V2/js/hm.js
[2016-12-06 13:52:35.924] [INFO] normal - GET/V2/js/jquery.kinMaxShow-1.0.min.js
[2016-12-06 13:52:35.931] [INFO] normal - GET/V2/js/open_nav.js
[2016-12-06 13:52:35.956] [INFO] normal - GET/V2/js/jquery-1.10.2.min.js
[2016-12-06 13:52:35.983] [INFO] normal - GET/V2/img/logo.png
[2016-12-06 13:52:36.002] [INFO] normal - GET/V2/img/index-banner1.png
[2016-12-06 13:52:36.038] [INFO] normal - GET/V2/img/tcgg.jpg
[2016-12-06 13:52:36.058] [INFO] normal - GET/V2/img/fmtgg.jpg
[2016-12-06 13:52:36.069] [INFO] normal - GET/V2/img/nqgg.jpg
[2016-12-06 13:52:36.073] [INFO] normal - GET/V2/img/online.jpg
[2016-12-06 13:52:36.182] [ERROR] normal - GET/V2/css/sprite-home.png
[2016-12-06 13:52:36.183] [ERROR] normal - GET/V2/css/zhanghu.png
[2016-12-06 13:52:36.183] [ERROR] normal - GET/V2/css/mima.png
[2016-12-06 13:52:36.206] [ERROR] normal - GET/V2/css/footline.png
[2016-12-06 13:52:37.650] [ERROR] normal - GET/favicon.ico
[2016-12-06 20:59:15.679] [WARN] normal - GET/
[2016-12-06 20:59:15.697] [WARN] normal - GET/V2/css/style.css
[2016-12-06 20:59:15.698] [WARN] normal - GET/V2/js/hm.js
[2016-12-06 20:59:15.699] [WARN] normal - GET/V2/css/zc.css
[2016-12-06 20:59:15.699] [WARN] normal - GET/V2/js/jquery.kinMaxShow-1.0.min.js
[2016-12-06 20:59:15.700] [WARN] normal - GET/V2/js/jquery-1.10.2.min.js
[2016-12-06 20:59:15.702] [WARN] normal - GET/V2/js/open_nav.js
[2016-12-06 20:59:15.704] [WARN] normal - GET/V2/img/logo.png
[2016-12-06 20:59:15.707] [WARN] normal - GET/V2/img/index-banner1.png
[2016-12-06 20:59:15.716] [WARN] normal - GET/V2/img/tcgg.jpg
[2016-12-06 20:59:15.721] [WARN] normal - GET/V2/img/fmtgg.jpg
[2016-12-06 20:59:15.727] [WARN] normal - GET/V2/img/nqgg.jpg
[2016-12-06 20:59:15.733] [WARN] normal - GET/V2/img/online.jpg
[2016-12-06 20:59:15.824] [ERROR] normal - GET/V2/css/sprite-home.png
[2016-12-06 20:59:15.825] [ERROR] normal - GET/V2/css/zhanghu.png
[2016-12-06 20:59:15.826] [ERROR] normal - GET/V2/css/mima.png
[2016-12-06 20:59:15.870] [ERROR] normal - GET/V2/css/footline.png
[2016-12-06 20:59:16.143] [ERROR] normal - GET/favicon.ico
[2016-12-06 20:59:34.467] [INFO] normal - GET/siteManager/report
[2016-12-06 21:01:57.950] [WARN] normal - GET/siteManager/report
